<?xml version="1.0" encoding="UTF-8"?>
<testng-results ignored="0" total="4" passed="3" failed="1" skipped="0">
  <reporter-output>
  </reporter-output>
  <suite started-at="2023-01-31T14:06:43 IST" name="Suite" finished-at="2023-01-31T14:11:40 IST" duration-ms="296873">
    <groups>
    </groups>
    <test started-at="2023-01-31T14:06:43 IST" name="Test" finished-at="2023-01-31T14:11:40 IST" duration-ms="296873">
      <class name="testScripts.SecondTest">
        <test-method is-config="true" signature="classSetup()[pri:0, instance:testScripts.SecondTest@5c5eefef]" started-at="2023-01-31T14:09:56 IST" name="classSetup" finished-at="2023-01-31T14:10:00 IST" duration-ms="4129" status="PASS">
          <reporter-output>
          </reporter-output>
        </test-method> <!-- classSetup -->
        <test-method is-config="true" signature="methodSetup()[pri:0, instance:testScripts.SecondTest@5c5eefef]" started-at="2023-01-31T14:10:00 IST" name="methodSetup" finished-at="2023-01-31T14:10:00 IST" duration-ms="24" status="PASS">
          <reporter-output>
          </reporter-output>
        </test-method> <!-- methodSetup -->
        <test-method signature="secondTest()[pri:0, instance:testScripts.SecondTest@5c5eefef]" started-at="2023-01-31T14:10:00 IST" name="secondTest" finished-at="2023-01-31T14:10:37 IST" duration-ms="36544" status="PASS">
          <reporter-output>
          </reporter-output>
        </test-method> <!-- secondTest -->
        <test-method is-config="true" signature="classTearDown()[pri:0, instance:testScripts.SecondTest@5c5eefef]" started-at="2023-01-31T14:10:37 IST" name="classTearDown" finished-at="2023-01-31T14:10:37 IST" duration-ms="193" status="PASS">
          <reporter-output>
          </reporter-output>
        </test-method> <!-- classTearDown -->
        <test-method is-config="true" signature="methodTearsDown()[pri:0, instance:testScripts.SecondTest@5c5eefef]" started-at="2023-01-31T14:10:37 IST" name="methodTearsDown" finished-at="2023-01-31T14:10:37 IST" duration-ms="0" status="PASS">
          <reporter-output>
          </reporter-output>
        </test-method> <!-- methodTearsDown -->
      </class> <!-- testScripts.SecondTest -->
      <class name="testScripts.ThirdTest">
        <test-method is-config="true" signature="classSetup()[pri:0, instance:testScripts.ThirdTest@2a798d51]" started-at="2023-01-31T14:06:43 IST" name="classSetup" finished-at="2023-01-31T14:06:48 IST" duration-ms="5128" status="PASS">
          <reporter-output>
          </reporter-output>
        </test-method> <!-- classSetup -->
        <test-method is-config="true" signature="methodSetup()[pri:0, instance:testScripts.ThirdTest@2a798d51]" started-at="2023-01-31T14:06:48 IST" name="methodSetup" finished-at="2023-01-31T14:06:49 IST" duration-ms="418" status="PASS">
          <reporter-output>
          </reporter-output>
        </test-method> <!-- methodSetup -->
        <test-method signature="thirdTest()[pri:0, instance:testScripts.ThirdTest@2a798d51]" started-at="2023-01-31T14:06:49 IST" name="thirdTest" finished-at="2023-01-31T14:07:49 IST" duration-ms="60704" status="FAIL">
          <exception class="org.openqa.selenium.ElementClickInterceptedException">
            <message>
              <![CDATA[element click intercepted: Element <iframe src="https://player.vimeo.com/video/356464956" width="600" height="300" frameborder="0" allow="autoplay; fullscreen" allowfullscreen="" cd_frame_id_="775f410e3195f8d5ec005c44386fd6f1"></iframe> is not clickable at point (397, 504). Other element would receive the click: <div id="gdpr-cookie-message" style="display: block;">...</div>
  (Session info: chrome=109.0.5414.120)
Build info: version: '4.7.2', revision: '4d4020c3b7'
System info: os.name: 'Windows 10', os.arch: 'amd64', os.version: '10.0', java.version: '17.0.1'
Driver info: org.openqa.selenium.chrome.ChromeDriver
Command: [2fc601456d12aafb4cc1b28812b26950, clickElement {id=7385112e-a8a4-4b7b-bc1d-4559976606ac}]
Capabilities {acceptInsecureCerts: false, browserName: chrome, browserVersion: 109.0.5414.120, chrome: {chromedriverVersion: 109.0.5414.74 (e7c5703604da..., userDataDir: C:\Users\Dell\AppData\Local...}, goog:chromeOptions: {debuggerAddress: localhost:50340}, networkConnectionEnabled: false, pageLoadStrategy: normal, platformName: WINDOWS, proxy: Proxy(), se:cdp: ws://localhost:50340/devtoo..., se:cdpVersion: 109.0.5414.120, setWindowRect: true, strictFileInteractability: false, timeouts: {implicit: 0, pageLoad: 300000, script: 30000}, unhandledPromptBehavior: dismiss and notify, webauthn:extension:credBlob: true, webauthn:extension:largeBlob: true, webauthn:virtualAuthenticators: true}
Element: [[ChromeDriver: chrome on WINDOWS (2fc601456d12aafb4cc1b28812b26950)] -> xpath: //button[@aria-label='Play']]
Session ID: 2fc601456d12aafb4cc1b28812b26950]]>
            </message>
            <full-stacktrace>
              <![CDATA[org.openqa.selenium.ElementClickInterceptedException: element click intercepted: Element <iframe src="https://player.vimeo.com/video/356464956" width="600" height="300" frameborder="0" allow="autoplay; fullscreen" allowfullscreen="" cd_frame_id_="775f410e3195f8d5ec005c44386fd6f1"></iframe> is not clickable at point (397, 504). Other element would receive the click: <div id="gdpr-cookie-message" style="display: block;">...</div>
  (Session info: chrome=109.0.5414.120)
Build info: version: '4.7.2', revision: '4d4020c3b7'
System info: os.name: 'Windows 10', os.arch: 'amd64', os.version: '10.0', java.version: '17.0.1'
Driver info: org.openqa.selenium.chrome.ChromeDriver
Command: [2fc601456d12aafb4cc1b28812b26950, clickElement {id=7385112e-a8a4-4b7b-bc1d-4559976606ac}]
Capabilities {acceptInsecureCerts: false, browserName: chrome, browserVersion: 109.0.5414.120, chrome: {chromedriverVersion: 109.0.5414.74 (e7c5703604da..., userDataDir: C:\Users\Dell\AppData\Local...}, goog:chromeOptions: {debuggerAddress: localhost:50340}, networkConnectionEnabled: false, pageLoadStrategy: normal, platformName: WINDOWS, proxy: Proxy(), se:cdp: ws://localhost:50340/devtoo..., se:cdpVersion: 109.0.5414.120, setWindowRect: true, strictFileInteractability: false, timeouts: {implicit: 0, pageLoad: 300000, script: 30000}, unhandledPromptBehavior: dismiss and notify, webauthn:extension:credBlob: true, webauthn:extension:largeBlob: true, webauthn:virtualAuthenticators: true}
Element: [[ChromeDriver: chrome on WINDOWS (2fc601456d12aafb4cc1b28812b26950)] -> xpath: //button[@aria-label='Play']]
Session ID: 2fc601456d12aafb4cc1b28812b26950
at java.base/jdk.internal.reflect.NativeConstructorAccessorImpl.newInstance0(Native Method)
at java.base/jdk.internal.reflect.NativeConstructorAccessorImpl.newInstance(NativeConstructorAccessorImpl.java:77)
at java.base/jdk.internal.reflect.DelegatingConstructorAccessorImpl.newInstance(DelegatingConstructorAccessorImpl.java:45)
at java.base/java.lang.reflect.Constructor.newInstanceWithCaller(Constructor.java:499)
at java.base/java.lang.reflect.Constructor.newInstance(Constructor.java:480)
at org.openqa.selenium.remote.codec.w3c.W3CHttpResponseCodec.createException(W3CHttpResponseCodec.java:200)
at org.openqa.selenium.remote.codec.w3c.W3CHttpResponseCodec.decode(W3CHttpResponseCodec.java:133)
at org.openqa.selenium.remote.codec.w3c.W3CHttpResponseCodec.decode(W3CHttpResponseCodec.java:53)
at org.openqa.selenium.remote.HttpCommandExecutor.execute(HttpCommandExecutor.java:184)
at org.openqa.selenium.remote.service.DriverCommandExecutor.invokeExecute(DriverCommandExecutor.java:167)
at org.openqa.selenium.remote.service.DriverCommandExecutor.execute(DriverCommandExecutor.java:142)
at org.openqa.selenium.remote.RemoteWebDriver.execute(RemoteWebDriver.java:535)
at org.openqa.selenium.remote.RemoteWebElement.execute(RemoteWebElement.java:257)
at org.openqa.selenium.remote.RemoteWebElement.click(RemoteWebElement.java:78)
at java.base/jdk.internal.reflect.NativeMethodAccessorImpl.invoke0(Native Method)
at java.base/jdk.internal.reflect.NativeMethodAccessorImpl.invoke(NativeMethodAccessorImpl.java:77)
at java.base/jdk.internal.reflect.DelegatingMethodAccessorImpl.invoke(DelegatingMethodAccessorImpl.java:43)
at java.base/java.lang.reflect.Method.invoke(Method.java:568)
at org.openqa.selenium.support.pagefactory.internal.LocatingElementHandler.invoke(LocatingElementHandler.java:52)
at jdk.proxy2/jdk.proxy2.$Proxy18.click(Unknown Source)
at pomPages.CoreJavaDemoVideoPage.clickPlayButton(CoreJavaDemoVideoPage.java:30)
at testScripts.ThirdTest.thirdTest(ThirdTest.java:18)
at java.base/jdk.internal.reflect.NativeMethodAccessorImpl.invoke0(Native Method)
at java.base/jdk.internal.reflect.NativeMethodAccessorImpl.invoke(NativeMethodAccessorImpl.java:77)
at java.base/jdk.internal.reflect.DelegatingMethodAccessorImpl.invoke(DelegatingMethodAccessorImpl.java:43)
at java.base/java.lang.reflect.Method.invoke(Method.java:568)
at org.testng.internal.MethodInvocationHelper.invokeMethod(MethodInvocationHelper.java:133)
at org.testng.internal.TestInvoker.invokeMethod(TestInvoker.java:598)
at org.testng.internal.TestInvoker.invokeTestMethod(TestInvoker.java:173)
at org.testng.internal.MethodRunner.runInSequence(MethodRunner.java:46)
at org.testng.internal.TestInvoker$MethodInvocationAgent.invoke(TestInvoker.java:824)
at org.testng.internal.TestInvoker.invokeTestMethods(TestInvoker.java:146)
at org.testng.internal.TestMethodWorker.invokeTestMethods(TestMethodWorker.java:146)
at org.testng.internal.TestMethodWorker.run(TestMethodWorker.java:128)
at java.base/java.util.ArrayList.forEach(ArrayList.java:1511)
at org.testng.TestRunner.privateRun(TestRunner.java:794)
at org.testng.TestRunner.run(TestRunner.java:596)
at org.testng.SuiteRunner.runTest(SuiteRunner.java:377)
at org.testng.SuiteRunner.runSequentially(SuiteRunner.java:371)
at org.testng.SuiteRunner.privateRun(SuiteRunner.java:332)
at org.testng.SuiteRunner.run(SuiteRunner.java:276)
at org.testng.SuiteRunnerWorker.runSuite(SuiteRunnerWorker.java:53)
at org.testng.SuiteRunnerWorker.run(SuiteRunnerWorker.java:96)
at org.testng.TestNG.runSuitesSequentially(TestNG.java:1212)
at org.testng.TestNG.runSuitesLocally(TestNG.java:1134)
at org.testng.TestNG.runSuites(TestNG.java:1063)
at org.testng.TestNG.run(TestNG.java:1031)
at org.testng.remote.AbstractRemoteTestNG.run(AbstractRemoteTestNG.java:115)
at org.testng.remote.RemoteTestNG.initAndRun(RemoteTestNG.java:251)
at org.testng.remote.RemoteTestNG.main(RemoteTestNG.java:77)
]]>
            </full-stacktrace>
          </exception> <!-- org.openqa.selenium.ElementClickInterceptedException -->
          <reporter-output>
          </reporter-output>
        </test-method> <!-- thirdTest -->
        <test-method is-config="true" signature="methodTearsDown()[pri:0, instance:testScripts.ThirdTest@2a798d51]" started-at="2023-01-31T14:07:49 IST" name="methodTearsDown" finished-at="2023-01-31T14:07:49 IST" duration-ms="9" status="PASS">
          <reporter-output>
          </reporter-output>
        </test-method> <!-- methodTearsDown -->
        <test-method is-config="true" signature="classTearDown()[pri:0, instance:testScripts.ThirdTest@2a798d51]" started-at="2023-01-31T14:07:49 IST" name="classTearDown" finished-at="2023-01-31T14:07:50 IST" duration-ms="206" status="PASS">
          <reporter-output>
          </reporter-output>
        </test-method> <!-- classTearDown -->
      </class> <!-- testScripts.ThirdTest -->
      <class name="testScripts.FirstTest">
        <test-method is-config="true" signature="classSetup()[pri:0, instance:testScripts.FirstTest@222545dc]" started-at="2023-01-31T14:07:50 IST" name="classSetup" finished-at="2023-01-31T14:09:46 IST" duration-ms="115840" status="PASS">
          <reporter-output>
          </reporter-output>
        </test-method> <!-- classSetup -->
        <test-method is-config="true" signature="methodSetup()[pri:0, instance:testScripts.FirstTest@222545dc]" started-at="2023-01-31T14:09:46 IST" name="methodSetup" finished-at="2023-01-31T14:09:46 IST" duration-ms="48" status="PASS">
          <reporter-output>
          </reporter-output>
        </test-method> <!-- methodSetup -->
        <test-method signature="firstTest()[pri:0, instance:testScripts.FirstTest@222545dc]" started-at="2023-01-31T14:09:46 IST" name="firstTest" finished-at="2023-01-31T14:09:56 IST" duration-ms="10085" status="PASS">
          <reporter-output>
          </reporter-output>
        </test-method> <!-- firstTest -->
        <test-method is-config="true" signature="classTearDown()[pri:0, instance:testScripts.FirstTest@222545dc]" started-at="2023-01-31T14:09:56 IST" name="classTearDown" finished-at="2023-01-31T14:09:56 IST" duration-ms="132" status="PASS">
          <reporter-output>
          </reporter-output>
        </test-method> <!-- classTearDown -->
        <test-method is-config="true" signature="methodTearsDown()[pri:0, instance:testScripts.FirstTest@222545dc]" started-at="2023-01-31T14:09:56 IST" name="methodTearsDown" finished-at="2023-01-31T14:09:56 IST" duration-ms="0" status="PASS">
          <reporter-output>
          </reporter-output>
        </test-method> <!-- methodTearsDown -->
      </class> <!-- testScripts.FirstTest -->
      <class name="testScripts.FourthTest">
        <test-method is-config="true" signature="classSetup()[pri:0, instance:testScripts.FourthTest@16293aa2]" started-at="2023-01-31T14:10:37 IST" name="classSetup" finished-at="2023-01-31T14:10:40 IST" duration-ms="3421" status="PASS">
          <reporter-output>
          </reporter-output>
        </test-method> <!-- classSetup -->
        <test-method is-config="true" signature="methodSetup()[pri:0, instance:testScripts.FourthTest@16293aa2]" started-at="2023-01-31T14:10:40 IST" name="methodSetup" finished-at="2023-01-31T14:10:40 IST" duration-ms="49" status="PASS">
          <reporter-output>
          </reporter-output>
        </test-method> <!-- methodSetup -->
        <test-method signature="fourthTest()[pri:0, instance:testScripts.FourthTest@16293aa2]" started-at="2023-01-31T14:10:40 IST" name="fourthTest" finished-at="2023-01-31T14:11:40 IST" duration-ms="59722" status="PASS">
          <reporter-output>
          </reporter-output>
        </test-method> <!-- fourthTest -->
        <test-method is-config="true" signature="classTearDown()[pri:0, instance:testScripts.FourthTest@16293aa2]" started-at="2023-01-31T14:11:40 IST" name="classTearDown" finished-at="2023-01-31T14:11:40 IST" duration-ms="187" status="PASS">
          <reporter-output>
          </reporter-output>
        </test-method> <!-- classTearDown -->
        <test-method is-config="true" signature="methodTearsDown()[pri:0, instance:testScripts.FourthTest@16293aa2]" started-at="2023-01-31T14:11:40 IST" name="methodTearsDown" finished-at="2023-01-31T14:11:40 IST" duration-ms="0" status="PASS">
          <reporter-output>
          </reporter-output>
        </test-method> <!-- methodTearsDown -->
      </class> <!-- testScripts.FourthTest -->
    </test> <!-- Test -->
  </suite> <!-- Suite -->
</testng-results>
