<?xml version="1.0" encoding="UTF-8"?>
<!-- Generated by org.testng.reporters.JUnitXMLReporter -->
<testsuite ignored="0" hostname="adeshalien" failures="1" tests="4" name="Test" time="296.873" errors="0" timestamp="2023-01-31T14:11:40 IST">
  <testcase classname="testScripts.ThirdTest" name="thirdTest" time="60.704">
    <failure type="org.openqa.selenium.ElementClickInterceptedException" message="element click intercepted: Element &amp;lt;iframe src=&amp;quot;https://player.vimeo.com/video/356464956&amp;quot; width=&amp;quot;600&amp;quot; height=&amp;quot;300&amp;quot; frameborder=&amp;quot;0&amp;quot; allow=&amp;quot;autoplay; fullscreen&amp;quot; allowfullscreen=&amp;quot;&amp;quot; cd_frame_id_=&amp;quot;775f410e3195f8d5ec005c44386fd6f1&amp;quot;&amp;gt;&amp;lt;/iframe&amp;gt; is not clickable at point (397, 504). Other element would receive the click: &amp;lt;div id=&amp;quot;gdpr-cookie-message&amp;quot; style=&amp;quot;display: block;&amp;quot;&amp;gt;...&amp;lt;/div&amp;gt;
  (Session info: chrome=109.0.5414.120)
Build info: version: &amp;apos;4.7.2&amp;apos;, revision: &amp;apos;4d4020c3b7&amp;apos;
System info: os.name: &amp;apos;Windows 10&amp;apos;, os.arch: &amp;apos;amd64&amp;apos;, os.version: &amp;apos;10.0&amp;apos;, java.version: &amp;apos;17.0.1&amp;apos;
Driver info: org.openqa.selenium.chrome.ChromeDriver
Command: [2fc601456d12aafb4cc1b28812b26950, clickElement {id=7385112e-a8a4-4b7b-bc1d-4559976606ac}]
Capabilities {acceptInsecureCerts: false, browserName: chrome, browserVersion: 109.0.5414.120, chrome: {chromedriverVersion: 109.0.5414.74 (e7c5703604da..., userDataDir: C:\Users\Dell\AppData\Local...}, goog:chromeOptions: {debuggerAddress: localhost:50340}, networkConnectionEnabled: false, pageLoadStrategy: normal, platformName: WINDOWS, proxy: Proxy(), se:cdp: ws://localhost:50340/devtoo..., se:cdpVersion: 109.0.5414.120, setWindowRect: true, strictFileInteractability: false, timeouts: {implicit: 0, pageLoad: 300000, script: 30000}, unhandledPromptBehavior: dismiss and notify, webauthn:extension:credBlob: true, webauthn:extension:largeBlob: true, webauthn:virtualAuthenticators: true}
Element: [[ChromeDriver: chrome on WINDOWS (2fc601456d12aafb4cc1b28812b26950)] -&amp;gt; xpath: //button[@aria-label=&amp;apos;Play&amp;apos;]]
Session ID: 2fc601456d12aafb4cc1b28812b26950">
      <![CDATA[org.openqa.selenium.ElementClickInterceptedException: element click intercepted: Element <iframe src="https://player.vimeo.com/video/356464956" width="600" height="300" frameborder="0" allow="autoplay; fullscreen" allowfullscreen="" cd_frame_id_="775f410e3195f8d5ec005c44386fd6f1"></iframe> is not clickable at point (397, 504). Other element would receive the click: <div id="gdpr-cookie-message" style="display: block;">...</div>
  (Session info: chrome=109.0.5414.120)
Build info: version: '4.7.2', revision: '4d4020c3b7'
System info: os.name: 'Windows 10', os.arch: 'amd64', os.version: '10.0', java.version: '17.0.1'
Driver info: org.openqa.selenium.chrome.ChromeDriver
Command: [2fc601456d12aafb4cc1b28812b26950, clickElement {id=7385112e-a8a4-4b7b-bc1d-4559976606ac}]
Capabilities {acceptInsecureCerts: false, browserName: chrome, browserVersion: 109.0.5414.120, chrome: {chromedriverVersion: 109.0.5414.74 (e7c5703604da..., userDataDir: C:\Users\Dell\AppData\Local...}, goog:chromeOptions: {debuggerAddress: localhost:50340}, networkConnectionEnabled: false, pageLoadStrategy: normal, platformName: WINDOWS, proxy: Proxy(), se:cdp: ws://localhost:50340/devtoo..., se:cdpVersion: 109.0.5414.120, setWindowRect: true, strictFileInteractability: false, timeouts: {implicit: 0, pageLoad: 300000, script: 30000}, unhandledPromptBehavior: dismiss and notify, webauthn:extension:credBlob: true, webauthn:extension:largeBlob: true, webauthn:virtualAuthenticators: true}
Element: [[ChromeDriver: chrome on WINDOWS (2fc601456d12aafb4cc1b28812b26950)] -> xpath: //button[@aria-label='Play']]
Session ID: 2fc601456d12aafb4cc1b28812b26950
at org.openqa.selenium.remote.codec.w3c.W3CHttpResponseCodec.createException(W3CHttpResponseCodec.java:200)
at org.openqa.selenium.remote.codec.w3c.W3CHttpResponseCodec.decode(W3CHttpResponseCodec.java:133)
at org.openqa.selenium.remote.codec.w3c.W3CHttpResponseCodec.decode(W3CHttpResponseCodec.java:53)
at org.openqa.selenium.remote.HttpCommandExecutor.execute(HttpCommandExecutor.java:184)
at org.openqa.selenium.remote.service.DriverCommandExecutor.invokeExecute(DriverCommandExecutor.java:167)
at org.openqa.selenium.remote.service.DriverCommandExecutor.execute(DriverCommandExecutor.java:142)
at org.openqa.selenium.remote.RemoteWebDriver.execute(RemoteWebDriver.java:535)
at org.openqa.selenium.remote.RemoteWebElement.execute(RemoteWebElement.java:257)
at org.openqa.selenium.remote.RemoteWebElement.click(RemoteWebElement.java:78)
at org.openqa.selenium.support.pagefactory.internal.LocatingElementHandler.invoke(LocatingElementHandler.java:52)
at jdk.proxy2/jdk.proxy2.$Proxy18.click(Unknown Source)
at pomPages.CoreJavaDemoVideoPage.clickPlayButton(CoreJavaDemoVideoPage.java:30)
at testScripts.ThirdTest.thirdTest(ThirdTest.java:18)
at java.base/java.util.ArrayList.forEach(ArrayList.java:1511)
... Removed 36 stack frames]]>
    </failure>
  </testcase> <!-- thirdTest -->
  <testcase classname="testScripts.FirstTest" name="firstTest" time="10.085"/>
  <testcase classname="testScripts.SecondTest" name="secondTest" time="36.544"/>
  <testcase classname="testScripts.FourthTest" name="fourthTest" time="59.722"/>
</testsuite> <!-- Test -->
